2023-08-04 22:40:31 [DEBUG]  - 4355
2023-08-04 22:40:31 [INFO]  - 15037
2023-08-04 22:40:31 [WARNING]  - 30075
2023-08-04 22:40:31 [ERROR] Invalid input - 3123
2023-08-04 22:40:31 [INFO]  - 26692
2023-08-04 22:40:31 [INFO]  - 25705
2023-08-04 22:40:31 [WARNING]  - 22645
2023-08-04 22:40:31 [ERROR] Failed to connect - 8951
2023-08-04 22:40:31 [CRITICAL]  - 15236
2023-08-04 22:40:31 [DEBUG]  - 13595
2023-08-04 22:40:31 [INFO]  - 21673
2023-08-04 22:40:31 [INFO]  - 1959
2023-08-04 22:40:31 [CRITICAL]  - 22852
2023-08-04 22:40:31 [CRITICAL]  - 10388
2023-08-04 22:40:31 [CRITICAL]  - 12898
2023-08-04 22:40:31 [INFO]  - 3304
2023-08-04 22:40:31 [INFO]  - 5842
2023-08-04 22:40:31 [INFO]  - 11501
2023-08-04 22:40:31 [INFO]  - 25315
2023-08-04 22:40:31 [ERROR] Segmentation fault - 21057
2023-08-04 22:40:31 [DEBUG]  - 16761
2023-08-04 22:40:31 [WARNING]  - 30699
2023-08-04 22:40:31 [CRITICAL]  - 14829
2023-08-04 22:40:31 [CRITICAL]  - 24310
2023-08-04 22:40:31 [INFO]  - 7632
2023-08-04 22:40:31 [INFO]  - 15844
2023-08-04 22:40:31 [ERROR] Invalid input - 29291
2023-08-04 22:40:31 [ERROR] Failed to connect - 32122
2023-08-04 22:40:31 [CRITICAL]  - 21282
2023-08-04 22:40:31 [DEBUG]  - 1575
2023-08-04 22:40:31 [CRITICAL]  - 23746
2023-08-04 22:40:31 [CRITICAL]  - 27252
2023-08-04 22:40:31 [CRITICAL]  - 6836
2023-08-04 22:40:31 [INFO]  - 30147
2023-08-04 22:40:31 [ERROR] Out of memory - 28055
2023-08-04 22:40:31 [CRITICAL]  - 2504
2023-08-04 22:40:31 [INFO]  - 6397
2023-08-04 22:40:31 [ERROR] Out of memory - 2705
2023-08-04 22:40:31 [WARNING]  - 10515
2023-08-04 22:40:31 [INFO]  - 29037
2023-08-04 22:40:31 [DEBUG]  - 11815
2023-08-04 22:40:31 [ERROR] Invalid input - 15752
2023-08-04 22:40:31 [WARNING]  - 5288
2023-08-04 22:40:31 [CRITICAL]  - 2806
2023-08-04 22:40:31 [INFO]  - 21169
2023-08-04 22:40:31 [INFO]  - 24052
2023-08-04 22:40:31 [DEBUG]  - 31921
2023-08-04 22:40:31 [INFO]  - 32489
2023-08-04 22:40:31 [ERROR] Segmentation fault - 27476
2023-08-04 22:40:31 [ERROR] Out of memory - 16047
2023-08-04 22:40:31 [DEBUG]  - 26079
2023-08-04 22:40:31 [ERROR] Failed to connect - 4363
2023-08-04 22:40:31 [DEBUG]  - 32114
2023-08-04 22:40:31 [ERROR] Out of memory - 6360
2023-08-04 22:40:31 [CRITICAL]  - 11370
2023-08-04 22:40:31 [INFO]  - 10055
2023-08-04 22:40:31 [ERROR] Invalid input - 25328
2023-08-04 22:40:31 [INFO]  - 2768
2023-08-04 22:40:31 [WARNING]  - 6998
2023-08-04 22:40:31 [INFO]  - 5520
2023-08-04 22:40:31 [DEBUG]  - 24353
2023-08-04 22:40:31 [CRITICAL]  - 29050
2023-08-04 22:40:31 [INFO]  - 22469
2023-08-04 22:40:31 [DEBUG]  - 23839
2023-08-04 22:40:31 [ERROR] Failed to connect - 24124
2023-08-04 22:40:31 [CRITICAL]  - 29350
2023-08-04 22:40:31 [DEBUG]  - 18359
2023-08-04 22:40:31 [DEBUG]  - 18831
2023-08-04 22:40:31 [CRITICAL]  - 23376
2023-08-04 22:40:31 [ERROR] Disk full - 2743
2023-08-04 22:40:31 [CRITICAL]  - 27028
2023-08-04 22:40:31 [CRITICAL]  - 2208
2023-08-04 22:40:31 [INFO]  - 11167
2023-08-04 22:40:31 [WARNING]  - 14918
2023-08-04 22:40:31 [INFO]  - 18244
2023-08-04 22:40:31 [INFO]  - 2464
2023-08-04 22:40:31 [WARNING]  - 7499
2023-08-04 22:40:31 [ERROR] Invalid input - 21285
2023-08-04 22:40:31 [ERROR] Invalid input - 26012
2023-08-04 22:40:31 [DEBUG]  - 25393
2023-08-04 22:40:31 [CRITICAL]  - 24155
2023-08-04 22:40:31 [INFO]  - 26069
2023-08-04 22:40:31 [CRITICAL]  - 52
2023-08-04 22:40:31 [CRITICAL]  - 15677
2023-08-04 22:40:31 [DEBUG]  - 12606
2023-08-04 22:40:31 [WARNING]  - 15490
2023-08-04 22:40:31 [WARNING]  - 12066
2023-08-04 22:40:31 [WARNING]  - 12328
2023-08-04 22:40:31 [WARNING]  - 2125
2023-08-04 22:40:31 [ERROR] Invalid input - 17027
2023-08-04 22:40:31 [ERROR] Invalid input - 13699
2023-08-04 22:40:31 [CRITICAL]  - 10478
2023-08-04 22:40:31 [ERROR] Invalid input - 18966
2023-08-04 22:40:31 [WARNING]  - 7911
2023-08-04 22:40:31 [ERROR] Segmentation fault - 12267
2023-08-04 22:40:31 [INFO]  - 26872
2023-08-04 22:40:31 [ERROR] Failed to connect - 30680
2023-08-04 22:40:31 [ERROR] Invalid input - 1208
2023-08-04 22:40:31 [CRITICAL]  - 26919
2023-08-04 22:40:31 [DEBUG]  - 19347
